2025-10-14 10:48:03,650 - WARNING - There was an error managing chromedriver (error sending request for url (https://googlechromelabs.github.io/chrome-for-testing/known-good-versions-with-downloads.json)); using driver found in the cache
2025-10-14 10:48:04,847 - INFO - Đang thử truy cập https://bonbanh.com/oto/page,301
2025-10-14 10:48:07,427 - INFO -     Truy cập thành công https://bonbanh.com/oto/page,301 !
2025-10-14 10:48:07,427 - INFO -     Status là 1
2025-10-14 10:48:07,867 - INFO -     >>> Đã trích xuất thành công 20 liên kết xe.
2025-10-14 10:48:12,868 - INFO - Đang thử truy cập https://bonbanh.com/oto/page,302
2025-10-14 10:48:14,870 - INFO -     Truy cập thành công https://bonbanh.com/oto/page,302 !
2025-10-14 10:48:14,871 - INFO -     Status là 1
2025-10-14 10:48:15,090 - INFO -     >>> Đã trích xuất thành công 20 liên kết xe.
2025-10-14 10:48:20,091 - INFO - Đang thử truy cập https://bonbanh.com/oto/page,303
2025-10-14 10:48:21,972 - INFO -     Truy cập thành công https://bonbanh.com/oto/page,303 !
2025-10-14 10:48:21,973 - INFO -     Status là 1
2025-10-14 10:48:22,178 - INFO -     >>> Đã trích xuất thành công 20 liên kết xe.
2025-10-14 10:48:27,179 - INFO - Đang thử truy cập https://bonbanh.com/oto/page,304
2025-10-14 10:48:28,890 - INFO -     Truy cập thành công https://bonbanh.com/oto/page,304 !
2025-10-14 10:48:28,891 - INFO -     Status là 1
2025-10-14 10:48:29,080 - INFO -     >>> Đã trích xuất thành công 20 liên kết xe.
2025-10-14 10:48:34,081 - INFO - Đang thử truy cập https://bonbanh.com/oto/page,305
2025-10-14 10:48:35,904 - INFO -     Truy cập thành công https://bonbanh.com/oto/page,305 !
2025-10-14 10:48:35,904 - INFO -     Status là 1
2025-10-14 10:48:36,139 - INFO -     >>> Đã trích xuất thành công 20 liên kết xe.
2025-10-14 10:48:38,904 - WARNING - Retrying (Retry(total=2, connect=None, read=None, redirect=None, status=None)) after connection broken by 'ConnectionResetError(10054, 'An existing connection was forcibly closed by the remote host', None, 10054, None)': /session/4c9e6b2e89a728c36e51198f6e0de151/window
2025-10-14 10:48:42,992 - WARNING - Retrying (Retry(total=1, connect=None, read=None, redirect=None, status=None)) after connection broken by 'NewConnectionError('<urllib3.connection.HTTPConnection object at 0x0000021DD9C33890>: Failed to establish a new connection: [WinError 10061] No connection could be made because the target machine actively refused it')': /session/4c9e6b2e89a728c36e51198f6e0de151/window
2025-10-14 10:48:47,049 - WARNING - Retrying (Retry(total=0, connect=None, read=None, redirect=None, status=None)) after connection broken by 'NewConnectionError('<urllib3.connection.HTTPConnection object at 0x0000021DD9C33110>: Failed to establish a new connection: [WinError 10061] No connection could be made because the target machine actively refused it')': /session/4c9e6b2e89a728c36e51198f6e0de151/window
